[debug] [2020-03-22T10:41:07.453Z] ----------------------------------------------------------------------
[debug] [2020-03-22T10:41:07.454Z] Command:       /Users/akio/.nodebrew/node/v12.16.1/bin/node /Users/akio/.nodebrew/current/bin/firebase serve
[debug] [2020-03-22T10:41:07.454Z] CLI Version:   7.15.1
[debug] [2020-03-22T10:41:07.454Z] Platform:      darwin
[debug] [2020-03-22T10:41:07.454Z] Node Version:  v12.16.1
[debug] [2020-03-22T10:41:07.455Z] Time:          Sun Mar 22 2020 19:41:07 GMT+0900 (GMT+09:00)
[debug] [2020-03-22T10:41:07.455Z] ----------------------------------------------------------------------
[debug] [2020-03-22T10:41:07.455Z] 
[debug] [2020-03-22T10:41:07.464Z] > command requires scopes: ["email","openid","https://www.googleapis.com/auth/cloudplatformprojects.readonly","https://www.googleapis.com/auth/firebase","https://www.googleapis.com/auth/cloud-platform"]
[debug] [2020-03-22T10:41:07.464Z] > authorizing via signed-in user
[debug] [2020-03-22T10:41:07.464Z] [iam] checking project zerobyou-d781c for permissions ["firebase.projects.get"]
[debug] [2020-03-22T10:41:07.465Z] >>> HTTP REQUEST POST https://cloudresourcemanager.googleapis.com/v1/projects/zerobyou-d781c:testIamPermissions  

[debug] [2020-03-22T10:41:08.382Z] <<< HTTP RESPONSE 200
[debug] [2020-03-22T10:41:08.384Z] >>> HTTP REQUEST GET https://firebase.googleapis.com/v1beta1/projects/zerobyou-d781c  
 
[debug] [2020-03-22T10:41:09.300Z] <<< HTTP RESPONSE 200
[info] 
[info] === Serving from '/Users/akio/Documents/github/zerobyou'...
[info] 
[debug] [2020-03-22T10:41:09.302Z] >>> HTTP REQUEST GET https://firebase.googleapis.com/v1beta1/projects/zerobyou-d781c/webApps/-/config  
 
[debug] [2020-03-22T10:41:10.427Z] <<< HTTP RESPONSE 200
[info] i  hosting: Serving hosting files from: dist
[info] ✔  hosting: Local server: http://localhost:5000
